<?xml version="1.0" encoding="UTF-8"?>
<!-- Generated by org.testng.reporters.JUnitReportReporter -->
<testsuite skipped="0" hostname="HVDSEL09" name="HoelApp_TestNG" tests="2" failures="0" timestamp="04 May 2017 06:25:19 GMT" time="0.000" errors="0">
  <testcase name="f2" time="0.000" classname="HoelApp_TestNG"/>
  <testcase name="f1" time="0.000" classname="HoelApp_TestNG"/>
</testsuite> <!-- HoelApp_TestNG -->
