<?xml version="1.0" encoding="UTF-8"?>
<!-- Generated by org.testng.reporters.JUnitReportReporter -->
<testsuite skipped="0" hostname="HVDSEL09" name="Login_TestNG" tests="1" failures="0" timestamp="05 May 2017 05:02:12 GMT" time="16.982" errors="0">
  <testcase name="Booking" time="16.982" classname="Login_TestNG"/>
</testsuite> <!-- Login_TestNG -->
